<?xml version="1.0" encoding="UTF-8"?>
<!-- Generated by org.testng.reporters.JUnitReportReporter -->
<testsuite hostname="URSVCORL5CG1" failures="0" tests="1" name="assertionsExample.TestNGAssertionsExample" time="24.765" errors="0" timestamp="2023-11-26T20:45:29 CST" skipped="0">
  <testcase classname="assertionsExample.TestNGAssertionsExample" name="testLCOEndSessionUser" time="24.765"/>
</testsuite> <!-- assertionsExample.TestNGAssertionsExample -->
